# JRE version: Java(TM) SE Runtime Environment (8.0_191-b12) (build 1.8.0_191-b12)
# Java VM: Java HotSpot(TM) 64-Bit Server VM (25.191-b12 mixed mode linux-amd64 compressed oops)
Heap:
 PSYoungGen      total 155648K, used 9253K [0x00000000f5580000, 0x0000000100000000, 0x0000000100000000)
  eden space 136704K, 0% used [0x00000000f5580000,0x00000000f5580000,0x00000000fdb00000)
  from space 18944K, 48% used [0x00000000fdb00000,0x00000000fe4094c8,0x00000000fed80000)
  to   space 18432K, 0% used [0x00000000fee00000,0x00000000fee00000,0x0000000100000000)
 ParOldGen       total 214016K, used 212359K [0x00000000e0000000, 0x00000000ed100000, 0x00000000f5580000)
  object space 214016K, 99% used [0x00000000e0000000,0x00000000ecf61e70,0x00000000ed100000)
 Metaspace       used 84401K, capacity 88164K, committed 88408K, reserved 1126400K
  class space    used 11122K, capacity 11897K, committed 11904K, reserved 1048576K
GC Heap History (10 events):
Event: 198.356 GC heap after
Heap after GC invocations=58 (full 3):
 PSYoungGen      total 161792K, used 11608K [0x00000000f5580000, 0x0000000100000000, 0x0000000100000000)
  eden space 150016K, 0% used [0x00000000f5580000,0x00000000f5580000,0x00000000fe800000)
  from space 11776K, 98% used [0x00000000fe800000,0x00000000ff356040,0x00000000ff380000)
  to   space 12800K, 0% used [0x00000000ff380000,0x00000000ff380000,0x0000000100000000)
 ParOldGen       total 214016K, used 188438K [0x00000000e0000000, 0x00000000ed100000, 0x00000000f5580000)
  object space 214016K, 88% used [0x00000000e0000000,0x00000000eb805b28,0x00000000ed100000)
 Metaspace       used 83411K, capacity 87190K, committed 87256K, reserved 1124352K
  class space    used 11002K, capacity 11776K, committed 11776K, reserved 1048576K
}
Event: 202.210 GC heap before
{Heap before GC invocations=59 (full 3):
 PSYoungGen      total 161792K, used 161624K [0x00000000f5580000, 0x0000000100000000, 0x0000000100000000)
  eden space 150016K, 100% used [0x00000000f5580000,0x00000000fe800000,0x00000000fe800000)
  from space 11776K, 98% used [0x00000000fe800000,0x00000000ff356040,0x00000000ff380000)
  to   space 12800K, 0% used [0x00000000ff380000,0x00000000ff380000,0x0000000100000000)
 ParOldGen       total 214016K, used 188438K [0x00000000e0000000, 0x00000000ed100000, 0x00000000f5580000)
  object space 214016K, 88% used [0x00000000e0000000,0x00000000eb805b98,0x00000000ed100000)
 Metaspace       used 83604K, capacity 87354K, committed 87640K, reserved 1124352K
  class space    used 11021K, capacity 11810K, committed 11904K, reserved 1048576K
Event: 202.220 GC heap after
Heap after GC invocations=59 (full 3):
 PSYoungGen      total 159744K, used 7858K [0x00000000f5580000, 0x0000000100000000, 0x0000000100000000)
  eden space 146944K, 0% used [0x00000000f5580000,0x00000000f5580000,0x00000000fe500000)
  from space 12800K, 61% used [0x00000000ff380000,0x00000000ffb2c9e0,0x0000000100000000)
  to   space 13824K, 0% used [0x00000000fe500000,0x00000000fe500000,0x00000000ff280000)
 ParOldGen       total 214016K, used 188849K [0x00000000e0000000, 0x00000000ed100000, 0x00000000f5580000)
  object space 214016K, 88% used [0x00000000e0000000,0x00000000eb86c740,0x00000000ed100000)
 Metaspace       used 83604K, capacity 87354K, committed 87640K, reserved 1124352K
  class space    used 11021K, capacity 11810K, committed 11904K, reserved 1048576K
}
Event: 202.524 GC heap before
{Heap before GC invocations=60 (full 3):
 PSYoungGen      total 159744K, used 154802K [0x00000000f5580000, 0x0000000100000000, 0x0000000100000000)
  eden space 146944K, 100% used [0x00000000f5580000,0x00000000fe500000,0x00000000fe500000)
  from space 12800K, 61% used [0x00000000ff380000,0x00000000ffb2c9e0,0x0000000100000000)
  to   space 13824K, 0% used [0x00000000fe500000,0x00000000fe500000,0x00000000ff280000)
 ParOldGen       total 214016K, used 188854K [0x00000000e0000000, 0x00000000ed100000, 0x00000000f5580000)
  object space 214016K, 88% used [0x00000000e0000000,0x00000000eb86d810,0x00000000ed100000)
 Metaspace       used 83804K, capacity 87556K, committed 87640K, reserved 1124352K
  class space    used 11056K, capacity 11827K, committed 11904K, reserved 1048576K
Event: 202.556 GC heap after
Heap after GC invocations=60 (full 3):
 PSYoungGen      total 160768K, used 8210K [0x00000000f5580000, 0x0000000100000000, 0x0000000100000000)
  eden space 146944K, 0% used [0x00000000f5580000,0x00000000f5580000,0x00000000fe500000)
  from space 13824K, 59% used [0x00000000fe500000,0x00000000fed04930,0x00000000ff280000)
  to   space 13824K, 0% used [0x00000000ff280000,0x00000000ff280000,0x0000000100000000)
 ParOldGen       total 214016K, used 190708K [0x00000000e0000000, 0x00000000ed100000, 0x00000000f5580000)
  object space 214016K, 89% used [0x00000000e0000000,0x00000000eba3d348,0x00000000ed100000)
 Metaspace       used 83804K, capacity 87556K, committed 87640K, reserved 1124352K
  class space    used 11056K, capacity 11827K, committed 11904K, reserved 1048576K
}
Event: 202.934 GC heap before
{Heap before GC invocations=61 (full 3):
 PSYoungGen      total 160768K, used 155154K [0x00000000f5580000, 0x0000000100000000, 0x0000000100000000)
  eden space 146944K, 100% used [0x00000000f5580000,0x00000000fe500000,0x00000000fe500000)
  from space 13824K, 59% used [0x00000000fe500000,0x00000000fed04930,0x00000000ff280000)
  to   space 13824K, 0% used [0x00000000ff280000,0x00000000ff280000,0x0000000100000000)
 ParOldGen       total 214016K, used 190708K [0x00000000e0000000, 0x00000000ed100000, 0x00000000f5580000)
  object space 214016K, 89% used [0x00000000e0000000,0x00000000eba3d348,0x00000000ed100000)
 Metaspace       used 84287K, capacity 88032K, committed 88152K, reserved 1126400K
  class space    used 11119K, capacity 11897K, committed 11904K, reserved 1048576K
Event: 202.969 GC heap after
Heap after GC invocations=61 (full 3):
 PSYoungGen      total 150528K, used 13812K [0x00000000f5580000, 0x0000000100000000, 0x0000000100000000)
  eden space 136704K, 0% used [0x00000000f5580000,0x00000000f5580000,0x00000000fdb00000)
  from space 13824K, 99% used [0x00000000ff280000,0x00000000ffffd000,0x0000000100000000)
  to   space 18944K, 0% used [0x00000000fdb00000,0x00000000fdb00000,0x00000000fed80000)
 ParOldGen       total 214016K, used 198867K [0x00000000e0000000, 0x00000000ed100000, 0x00000000f5580000)
  object space 214016K, 92% used [0x00000000e0000000,0x00000000ec234ea0,0x00000000ed100000)
 Metaspace       used 84287K, capacity 88032K, committed 88152K, reserved 1126400K
  class space    used 11119K, capacity 11897K, committed 11904K, reserved 1048576K
}
Event: 203.205 GC heap before
{Heap before GC invocations=62 (full 3):
 PSYoungGen      total 150528K, used 150516K [0x00000000f5580000, 0x0000000100000000, 0x0000000100000000)
  eden space 136704K, 100% used [0x00000000f5580000,0x00000000fdb00000,0x00000000fdb00000)
  from space 13824K, 99% used [0x00000000ff280000,0x00000000ffffd000,0x0000000100000000)
  to   space 18944K, 0% used [0x00000000fdb00000,0x00000000fdb00000,0x00000000fed80000)
 ParOldGen       total 214016K, used 198867K [0x00000000e0000000, 0x00000000ed100000, 0x00000000f5580000)
  object space 214016K, 92% used [0x00000000e0000000,0x00000000ec234ea0,0x00000000ed100000)
 Metaspace       used 84401K, capacity 88164K, committed 88408K, reserved 1126400K
  class space    used 11122K, capacity 11897K, committed 11904K, reserved 1048576K
Event: 203.234 GC heap after
Heap after GC invocations=62 (full 3):
 PSYoungGen      total 155648K, used 9253K [0x00000000f5580000, 0x0000000100000000, 0x0000000100000000)
  eden space 136704K, 0% used [0x00000000f5580000,0x00000000f5580000,0x00000000fdb00000)
  from space 18944K, 48% used [0x00000000fdb00000,0x00000000fe4094c8,0x00000000fed80000)
  to   space 18432K, 0% used [0x00000000fee00000,0x00000000fee00000,0x0000000100000000)
 ParOldGen       total 214016K, used 212359K [0x00000000e0000000, 0x00000000ed100000, 0x00000000f5580000)
  object space 214016K, 99% used [0x00000000e0000000,0x00000000ecf61e70,0x00000000ed100000)
 Metaspace       used 84401K, capacity 88164K, committed 88408K, reserved 1126400K
  class space    used 11122K, capacity 11897K, committed 11904K, reserved 1048576K
}
Event: 203.234 GC heap before
{Heap before GC invocations=63 (full 4):
 PSYoungGen      total 155648K, used 9253K [0x00000000f5580000, 0x0000000100000000, 0x0000000100000000)
  eden space 136704K, 0% used [0x00000000f5580000,0x00000000f5580000,0x00000000fdb00000)
  from space 18944K, 48% used [0x00000000fdb00000,0x00000000fe4094c8,0x00000000fed80000)
  to   space 18432K, 0% used [0x00000000fee00000,0x00000000fee00000,0x0000000100000000)
 ParOldGen       total 214016K, used 212359K [0x00000000e0000000, 0x00000000ed100000, 0x00000000f5580000)
  object space 214016K, 99% used [0x00000000e0000000,0x00000000ecf61e70,0x00000000ed100000)
 Metaspace       used 84401K, capacity 88164K, committed 88408K, reserved 1126400K
  class space    used 11122K, capacity 11897K, committed 11904K, reserved 1048576K

